<?xml version="1.0" encoding="UTF-8"?>
<!-- Generated by org.testng.reporters.JUnitReportReporter -->
<testsuite hostname="LAPTOP-FSMTSINL" failures="0" tests="2" name="com.pms.test.SignInSignOut" time="81.541" errors="0" timestamp="2022-05-10T18:04:46 IST" skipped="0">
  <testcase classname="com.pms.test.SignInSignOut" name="signIn" time="75.641"/>
  <system-out/>
  <testcase classname="com.pms.test.SignInSignOut" name="signOut" time="5.900"/>
  <system-out/>
</testsuite> <!-- com.pms.test.SignInSignOut -->
