<?xml version="1.0" encoding="UTF-8"?>
<!-- Generated by org.testng.reporters.JUnitReportReporter -->
<testsuite hostname="LAPTOP-FSMTSINL" failures="0" tests="1" name="com.pms.test.HeaderValidation" time="47.337" errors="0" timestamp="2022-05-11T17:29:41 IST" skipped="0">
  <testcase classname="com.pms.test.HeaderValidation" name="HeaderValidation_AfterLogin" time="47.337"/>
  <system-out/>
</testsuite> <!-- com.pms.test.HeaderValidation -->
