<?xml version="1.0" encoding="UTF-8"?>
<!-- Generated by org.testng.reporters.JUnitReportReporter -->
<testsuite hostname="LAPTOP-FSMTSINL" failures="0" tests="1" name="com.pms.test.SelectAStore" time="154.484" errors="0" timestamp="2022-05-10T15:29:11 IST" skipped="0">
  <testcase classname="com.pms.test.SelectAStore" name="selectStore" time="154.484"/>
  <system-out/>
</testsuite> <!-- com.pms.test.SelectAStore -->
