<?xml version="1.0" encoding="UTF-8"?>
<!-- Generated by org.testng.reporters.JUnitReportReporter -->
<testsuite hostname="LAPTOP-FSMTSINL" failures="0" tests="2" name="com.pms.test.SearchBar" time="30.325" errors="0" timestamp="2022-05-11T17:33:43 IST" skipped="0">
  <testcase classname="com.pms.test.SearchBar" name="invalidSearch" time="4.740"/>
  <system-out/>
  <testcase classname="com.pms.test.SearchBar" name="searchValid" time="25.585"/>
  <system-out/>
</testsuite> <!-- com.pms.test.SearchBar -->
